<?xml version="1.0" encoding="UTF-8"?>
<!-- Generated by org.testng.reporters.JUnitXMLReporter -->
<testsuite ignored="0" hostname="DESKTOP-AINAC7R" failures="0" tests="4" name="Default test" time="57.232" errors="0" timestamp="2023-03-06T19:33:42 IST">
  <testcase classname="TestScript.HomePage" name="cookies" time="5.388"/>
  <testcase classname="TestScript.HomePage" name="title" time="0.307"/>
  <testcase classname="TestScript.HomePage" name="search" time="20.395"/>
  <testcase classname="TestScript.HomePage" name="Shoes" time="31.106"/>
</testsuite> <!-- Default test -->
