<?xml version="1.0" encoding="UTF-8"?>
<testng-results ignored="0" total="4" passed="4" failed="0" skipped="0">
  <reporter-output>
  </reporter-output>
  <suite started-at="2023-03-06T19:32:45 IST" name="Default suite" finished-at="2023-03-06T19:33:42 IST" duration-ms="57232">
    <groups>
    </groups>
    <test started-at="2023-03-06T19:32:45 IST" name="Default test" finished-at="2023-03-06T19:33:42 IST" duration-ms="57232">
      <class name="TestScript.HomePage">
        <test-method signature="cookies()[pri:0, instance:TestScript.HomePage@1d2bd371]" started-at="2023-03-06T19:32:45 IST" name="cookies" finished-at="2023-03-06T19:32:50 IST" duration-ms="5388" status="PASS">
          <reporter-output>
          </reporter-output>
        </test-method> <!-- cookies -->
        <test-method signature="title()[pri:1, instance:TestScript.HomePage@1d2bd371]" started-at="2023-03-06T19:32:50 IST" name="title" finished-at="2023-03-06T19:32:51 IST" duration-ms="307" status="PASS">
          <reporter-output>
          </reporter-output>
        </test-method> <!-- title -->
        <test-method signature="search()[pri:2, instance:TestScript.HomePage@1d2bd371]" started-at="2023-03-06T19:32:51 IST" name="search" finished-at="2023-03-06T19:33:11 IST" duration-ms="20395" status="PASS">
          <reporter-output>
          </reporter-output>
        </test-method> <!-- search -->
        <test-method signature="Shoes()[pri:3, instance:TestScript.HomePage@1d2bd371]" started-at="2023-03-06T19:33:11 IST" name="Shoes" finished-at="2023-03-06T19:33:42 IST" duration-ms="31106" status="PASS">
          <reporter-output>
          </reporter-output>
        </test-method> <!-- Shoes -->
      </class> <!-- TestScript.HomePage -->
    </test> <!-- Default test -->
  </suite> <!-- Default suite -->
</testng-results>
